0 info it worked if it ends with ok
1 verbose cli [ '/usr/local/n/versions/node/5.6.0/bin/node',
1 verbose cli   '/usr/local/bin/npm',
1 verbose cli   'publish' ]
2 info using npm@3.6.0
3 info using node@v5.6.0
4 verbose publish [ '.' ]
5 silly cache add args [ '.', null ]
6 verbose cache add spec .
7 silly cache add parsed spec Result {
7 silly cache add   raw: '.',
7 silly cache add   scope: null,
7 silly cache add   name: null,
7 silly cache add   rawSpec: '.',
7 silly cache add   spec: '/Users/joegesualdo/code/node/modules/shatter',
7 silly cache add   type: 'directory' }
8 verbose addLocalDirectory /Users/joegesualdo/.npm/shatter/0.0.2/package.tgz not in flight; packing
9 verbose correctMkdir /Users/joegesualdo/.npm correctMkdir not in flight; initializing
10 info lifecycle shatter@0.0.2~prepublish: shatter@0.0.2
11 silly lifecycle shatter@0.0.2~prepublish: no script for prepublish, continuing
12 verbose tar pack [ '/Users/joegesualdo/.npm/shatter/0.0.2/package.tgz',
12 verbose tar pack   '/Users/joegesualdo/code/node/modules/shatter' ]
13 verbose tarball /Users/joegesualdo/.npm/shatter/0.0.2/package.tgz
14 verbose folder /Users/joegesualdo/code/node/modules/shatter
15 verbose addLocalTarball adding from inside cache /Users/joegesualdo/.npm/shatter/0.0.2/package.tgz
16 verbose correctMkdir /Users/joegesualdo/.npm correctMkdir not in flight; initializing
17 silly cache afterAdd shatter@0.0.2
18 verbose afterAdd /Users/joegesualdo/.npm/shatter/0.0.2/package/package.json not in flight; writing
19 verbose correctMkdir /Users/joegesualdo/.npm correctMkdir not in flight; initializing
20 verbose afterAdd /Users/joegesualdo/.npm/shatter/0.0.2/package/package.json written
21 silly publish { name: 'shatter',
21 silly publish   version: '0.0.2',
21 silly publish   description: 'Split strings into html elements.',
21 silly publish   main: 'index.js',
21 silly publish   scripts: { test: 'echo "Error: no test specified" && exit 1' },
21 silly publish   author: { name: 'Joe Gesualdo' },
21 silly publish   license: 'MIT',
21 silly publish   dependencies: { 'wrap-with-html': '0.0.1' },
21 silly publish   readme: '## Shatter \n> Split strings into html elements.\n\n## Install\n```\n$ npm install --save shatter\n```\n\n## Usage\n```javascript\nvar Shatter = require("shatter");\n\nvar shatterEl = new Shatter({\n  string: "Hello there penny sneak.",\n  delimeter: " ",\n  elClassName: "word"\n})\n\nshatterEl.getHTML()\n//=> <div id=\'\' class=\'shatter-holder\'>\n//=>   <div id=\'\' class=\'word\'>\n//=>     Hello\n//=>   </div>\n//=>   <div id=\'\' class=\'word\'>\n//=>     world\n//=>   </div>\n//=> </div>\n```\n\n## API\n\n### `new Shatter(opts)`\n\n#### Options\n| Name | Type | Description |\n|------|------|-------------|\n| string | `String` | String to split into HTML elements\n| elClassName | `String` | Class name for each split element\n| elTagName | `String` | Tag name for each split element\n| holderTagName | `String` | Tag name for the element that holds the split elements\n| holderClassName | `String` | Class name for the element that holds the split elements\n| delimeter | `String|Regex` | Where the string should be split\n',
21 silly publish   readmeFilename: 'README.md',
21 silly publish   gitHead: '12c867291c17def16f50179c238ffd3af069cdbe',
21 silly publish   _id: 'shatter@0.0.2',
21 silly publish   _shasum: '48af297b4ce075b675841dbce88d4795a9afc2f6',
21 silly publish   _from: '.' }
22 verbose getPublishConfig undefined
23 silly mapToRegistry name shatter
24 silly mapToRegistry using default registry
25 silly mapToRegistry registry https://registry.npmjs.org/
26 silly mapToRegistry uri https://registry.npmjs.org/shatter
27 verbose publish registryBase https://registry.npmjs.org/
28 silly publish uploading /Users/joegesualdo/.npm/shatter/0.0.2/package.tgz
29 verbose request uri https://registry.npmjs.org/shatter
30 verbose request sending authorization for write operation
31 info attempt registry request try #1 at 11:33:54 PM
32 verbose request using bearer token for auth
33 verbose request id 0199343acecabe6a
34 http request PUT https://registry.npmjs.org/shatter
35 http 403 https://registry.npmjs.org/shatter
36 verbose headers { 'content-type': 'application/json',
36 verbose headers   'cache-control': 'max-age=300',
36 verbose headers   'content-length': '128',
36 verbose headers   'accept-ranges': 'bytes',
36 verbose headers   date: 'Fri, 11 Mar 2016 04:33:55 GMT',
36 verbose headers   via: '1.1 varnish',
36 verbose headers   connection: 'keep-alive',
36 verbose headers   'x-served-by': 'cache-jfk1032-JFK',
36 verbose headers   'x-cache': 'MISS',
36 verbose headers   'x-cache-hits': '0',
36 verbose headers   'x-timer': 'S1457670834.864425,VS0,VE690' }
37 verbose request invalidating /Users/joegesualdo/.npm/registry.npmjs.org/shatter on PUT
38 error publish Failed PUT 403
39 verbose stack Error: "You cannot publish over the previously published version 0.0.2. Try bumping the version to 1.0.0" : shatter
39 verbose stack     at makeError (/usr/local/lib/node_modules/npm/node_modules/npm-registry-client/lib/request.js:264:12)
39 verbose stack     at CachingRegistryClient.<anonymous> (/usr/local/lib/node_modules/npm/node_modules/npm-registry-client/lib/request.js:252:14)
39 verbose stack     at Request._callback (/usr/local/lib/node_modules/npm/node_modules/npm-registry-client/lib/request.js:172:14)
39 verbose stack     at Request.self.callback (/usr/local/lib/node_modules/npm/node_modules/request/request.js:198:22)
39 verbose stack     at emitTwo (events.js:100:13)
39 verbose stack     at Request.emit (events.js:185:7)
39 verbose stack     at Request.<anonymous> (/usr/local/lib/node_modules/npm/node_modules/request/request.js:1035:10)
39 verbose stack     at emitOne (events.js:95:20)
39 verbose stack     at Request.emit (events.js:182:7)
39 verbose stack     at IncomingMessage.<anonymous> (/usr/local/lib/node_modules/npm/node_modules/request/request.js:962:12)
40 verbose statusCode 403
41 verbose pkgid shatter
42 verbose cwd /Users/joegesualdo/code/node/modules/shatter
43 error Darwin 15.3.0
44 error argv "/usr/local/n/versions/node/5.6.0/bin/node" "/usr/local/bin/npm" "publish"
45 error node v5.6.0
46 error npm  v3.6.0
47 error code E403
48 error "You cannot publish over the previously published version 0.0.2. Try bumping the version to 1.0.0" : shatter
49 error If you need help, you may report this error at:
49 error     <https://github.com/npm/npm/issues>
50 verbose exit [ 1, true ]
